[2022-02-11 16:31:30] laravel.EMERGENCY: Unable to create configured logger. Using emergency logger. {"exception":"[object] (InvalidArgumentException(code: 0): Log [] is not defined. at /opt/lampp/htdocs/laravelProject/vendor/laravel/framework/src/Illuminate/Log/LogManager.php:200)
[stacktrace]
#0 /opt/lampp/htdocs/laravelProject/vendor/laravel/framework/src/Illuminate/Log/LogManager.php(125): Illuminate\\Log\\LogManager->resolve()
#1 /opt/lampp/htdocs/laravelProject/vendor/laravel/framework/src/Illuminate/Log/LogManager.php(112): Illuminate\\Log\\LogManager->get()
#2 /opt/lampp/htdocs/laravelProject/vendor/laravel/framework/src/Illuminate/Log/LogManager.php(590): Illuminate\\Log\\LogManager->driver()
#3 /opt/lampp/htdocs/laravelProject/vendor/laravel/framework/src/Illuminate/Foundation/Exceptions/Handler.php(249): Illuminate\\Log\\LogManager->error()
#4 /opt/lampp/htdocs/laravelProject/vendor/laravel/framework/src/Illuminate/Foundation/Http/Kernel.php(415): Illuminate\\Foundation\\Exceptions\\Handler->report()
#5 /opt/lampp/htdocs/laravelProject/vendor/laravel/framework/src/Illuminate/Foundation/Http/Kernel.php(113): Illuminate\\Foundation\\Http\\Kernel->reportException()
#6 /opt/lampp/htdocs/laravelProject/public/index.php(52): Illuminate\\Foundation\\Http\\Kernel->handle()
#7 /opt/lampp/htdocs/laravelProject/vendor/laravel/framework/src/Illuminate/Foundation/resources/server.php(16): require_once('...')
#8 {main}
"} 
[2022-02-11 16:31:30] laravel.ERROR: The "" directory does not exist. {"exception":"[object] (Symfony\\Component\\Finder\\Exception\\DirectoryNotFoundException(code: 0): The \"\" directory does not exist. at /opt/lampp/htdocs/laravelProject/vendor/symfony/finder/Finder.php:590)
[stacktrace]
#0 /opt/lampp/htdocs/laravelProject/vendor/laravel/framework/src/Illuminate/Foundation/Bootstrap/LoadConfiguration.php(88): Symfony\\Component\\Finder\\Finder->in()
#1 /opt/lampp/htdocs/laravelProject/vendor/laravel/framework/src/Illuminate/Foundation/Bootstrap/LoadConfiguration.php(65): Illuminate\\Foundation\\Bootstrap\\LoadConfiguration->getConfigurationFiles()
#2 /opt/lampp/htdocs/laravelProject/vendor/laravel/framework/src/Illuminate/Foundation/Bootstrap/LoadConfiguration.php(39): Illuminate\\Foundation\\Bootstrap\\LoadConfiguration->loadConfigurationFiles()
#3 /opt/lampp/htdocs/laravelProject/vendor/laravel/framework/src/Illuminate/Foundation/Application.php(239): Illuminate\\Foundation\\Bootstrap\\LoadConfiguration->bootstrap()
#4 /opt/lampp/htdocs/laravelProject/vendor/laravel/framework/src/Illuminate/Foundation/Http/Kernel.php(153): Illuminate\\Foundation\\Application->bootstrapWith()
#5 /opt/lampp/htdocs/laravelProject/vendor/laravel/framework/src/Illuminate/Foundation/Http/Kernel.php(137): Illuminate\\Foundation\\Http\\Kernel->bootstrap()
#6 /opt/lampp/htdocs/laravelProject/vendor/laravel/framework/src/Illuminate/Foundation/Http/Kernel.php(111): Illuminate\\Foundation\\Http\\Kernel->sendRequestThroughRouter()
#7 /opt/lampp/htdocs/laravelProject/public/index.php(52): Illuminate\\Foundation\\Http\\Kernel->handle()
#8 /opt/lampp/htdocs/laravelProject/vendor/laravel/framework/src/Illuminate/Foundation/resources/server.php(16): require_once('...')
#9 {main}
"} 
[2022-02-11 16:31:55] laravel.EMERGENCY: Unable to create configured logger. Using emergency logger. {"exception":"[object] (InvalidArgumentException(code: 0): Log [] is not defined. at /opt/lampp/htdocs/laravelProject/vendor/laravel/framework/src/Illuminate/Log/LogManager.php:200)
[stacktrace]
#0 /opt/lampp/htdocs/laravelProject/vendor/laravel/framework/src/Illuminate/Log/LogManager.php(125): Illuminate\\Log\\LogManager->resolve()
#1 /opt/lampp/htdocs/laravelProject/vendor/laravel/framework/src/Illuminate/Log/LogManager.php(112): Illuminate\\Log\\LogManager->get()
#2 /opt/lampp/htdocs/laravelProject/vendor/laravel/framework/src/Illuminate/Log/LogManager.php(590): Illuminate\\Log\\LogManager->driver()
#3 /opt/lampp/htdocs/laravelProject/vendor/laravel/framework/src/Illuminate/Foundation/Exceptions/Handler.php(249): Illuminate\\Log\\LogManager->error()
#4 /opt/lampp/htdocs/laravelProject/vendor/laravel/framework/src/Illuminate/Foundation/Http/Kernel.php(415): Illuminate\\Foundation\\Exceptions\\Handler->report()
#5 /opt/lampp/htdocs/laravelProject/vendor/laravel/framework/src/Illuminate/Foundation/Http/Kernel.php(113): Illuminate\\Foundation\\Http\\Kernel->reportException()
#6 /opt/lampp/htdocs/laravelProject/public/index.php(52): Illuminate\\Foundation\\Http\\Kernel->handle()
#7 /opt/lampp/htdocs/laravelProject/vendor/laravel/framework/src/Illuminate/Foundation/resources/server.php(16): require_once('...')
#8 {main}
"} 
[2022-02-11 16:31:55] laravel.ERROR: The "" directory does not exist. {"exception":"[object] (Symfony\\Component\\Finder\\Exception\\DirectoryNotFoundException(code: 0): The \"\" directory does not exist. at /opt/lampp/htdocs/laravelProject/vendor/symfony/finder/Finder.php:590)
[stacktrace]
#0 /opt/lampp/htdocs/laravelProject/vendor/laravel/framework/src/Illuminate/Foundation/Bootstrap/LoadConfiguration.php(88): Symfony\\Component\\Finder\\Finder->in()
#1 /opt/lampp/htdocs/laravelProject/vendor/laravel/framework/src/Illuminate/Foundation/Bootstrap/LoadConfiguration.php(65): Illuminate\\Foundation\\Bootstrap\\LoadConfiguration->getConfigurationFiles()
#2 /opt/lampp/htdocs/laravelProject/vendor/laravel/framework/src/Illuminate/Foundation/Bootstrap/LoadConfiguration.php(39): Illuminate\\Foundation\\Bootstrap\\LoadConfiguration->loadConfigurationFiles()
#3 /opt/lampp/htdocs/laravelProject/vendor/laravel/framework/src/Illuminate/Foundation/Application.php(239): Illuminate\\Foundation\\Bootstrap\\LoadConfiguration->bootstrap()
#4 /opt/lampp/htdocs/laravelProject/vendor/laravel/framework/src/Illuminate/Foundation/Http/Kernel.php(153): Illuminate\\Foundation\\Application->bootstrapWith()
#5 /opt/lampp/htdocs/laravelProject/vendor/laravel/framework/src/Illuminate/Foundation/Http/Kernel.php(137): Illuminate\\Foundation\\Http\\Kernel->bootstrap()
#6 /opt/lampp/htdocs/laravelProject/vendor/laravel/framework/src/Illuminate/Foundation/Http/Kernel.php(111): Illuminate\\Foundation\\Http\\Kernel->sendRequestThroughRouter()
#7 /opt/lampp/htdocs/laravelProject/public/index.php(52): Illuminate\\Foundation\\Http\\Kernel->handle()
#8 /opt/lampp/htdocs/laravelProject/vendor/laravel/framework/src/Illuminate/Foundation/resources/server.php(16): require_once('...')
#9 {main}
"} 
